OCR_Test/android-build/build/outputs/logs/manifest-merger-debug-report.txt
-- Merging decision tree log ---
manifest
ADDED from OCR_Test\android-build\AndroidManifest.xml:2:1-95:12
INJECTED from OCR_Test\android-build\AndroidManifest.xml:2:1-95:12
INJECTED from OCR_Test\android-build\AndroidManifest.xml:2:1-95:12
INJECTED from OCR_Test\android-build\AndroidManifest.xml:2:1-95:12
INJECTED from OCR_Test\android-build\AndroidManifest.xml:2:1-95:12
	package
		ADDED from OCR_Test\android-build\AndroidManifest.xml:2:11-42
	android:versionName
		ADDED from OCR_Test\android-build\AndroidManifest.xml:2:102-127
		INJECTED from OCR_Test\android-build\AndroidManifest.xml
		INJECTED from OCR_Test\android-build\AndroidManifest.xml
	xmlns:android
		ADDED from OCR_Test\android-build\AndroidManifest.xml:2:43-101
	android:versionCode
		ADDED from OCR_Test\android-build\AndroidManifest.xml:2:128-151
		INJECTED from OCR_Test\android-build\AndroidManifest.xml
		INJECTED from OCR_Test\android-build\AndroidManifest.xml
	android:installLocation
		ADDED from OCR_Test\android-build\AndroidManifest.xml:2:152-182
uses-sdk
ADDED from OCR_Test\android-build\AndroidManifest.xml:3:5-73
	android:targetSdkVersion
		ADDED from OCR_Test\android-build\AndroidManifest.xml:3:42-71
	android:minSdkVersion
		ADDED from OCR_Test\android-build\AndroidManifest.xml:3:15-41
uses-permission#android.permission.INTERNET
ADDED from OCR_Test\android-build\AndroidManifest.xml:7:9-71
	android:name
		ADDED from OCR_Test\android-build\AndroidManifest.xml:7:26-68
uses-permission#android.permission.WRITE_EXTERNAL_STORAGE
ADDED from OCR_Test\android-build\AndroidManifest.xml:8:5-81
	android:name
		ADDED from OCR_Test\android-build\AndroidManifest.xml:8:22-78
uses-permission#android.permission.ACCESS_NETWORK_STATE
ADDED from OCR_Test\android-build\AndroidManifest.xml:9:5-79
	android:name
		ADDED from OCR_Test\android-build\AndroidManifest.xml:9:22-76
uses-feature#0x00020000
ADDED from OCR_Test\android-build\AndroidManifest.xml:14:9-82
	android:glEsVersion
		ADDED from OCR_Test\android-build\AndroidManifest.xml:14:23-55
	android:required
		ADDED from OCR_Test\android-build\AndroidManifest.xml:14:56-79
supports-screens
ADDED from OCR_Test\android-build\AndroidManifest.xml:16:5-135
	android:largeScreens
		ADDED from OCR_Test\android-build\AndroidManifest.xml:16:23-50
	android:smallScreens
		ADDED from OCR_Test\android-build\AndroidManifest.xml:16:106-133
	android:normalScreens
		ADDED from OCR_Test\android-build\AndroidManifest.xml:16:51-79
	android:anyDensity
		ADDED from OCR_Test\android-build\AndroidManifest.xml:16:80-105
application
ADDED from OCR_Test\android-build\AndroidManifest.xml:18:5-93:19
	android:label
		ADDED from OCR_Test\android-build\AndroidManifest.xml:18:117-141
	android:hardwareAccelerated
		ADDED from OCR_Test\android-build\AndroidManifest.xml:18:18-52
	android:name
		ADDED from OCR_Test\android-build\AndroidManifest.xml:18:53-116
activity#org.qtproject.qt5.android.bindings.QtActivity
ADDED from OCR_Test\android-build\AndroidManifest.xml:19:9-89:16
	android:screenOrientation
		ADDED from OCR_Test\android-build\AndroidManifest.xml:22:19-58
	android:label
		ADDED from OCR_Test\android-build\AndroidManifest.xml:21:19-43
	android:launchMode
		ADDED from OCR_Test\android-build\AndroidManifest.xml:23:19-49
	android:configChanges
		ADDED from OCR_Test\android-build\AndroidManifest.xml:19:19-188
	android:name
		ADDED from OCR_Test\android-build\AndroidManifest.xml:20:19-79
intent-filter#action:name:android.intent.action.MAIN+category:name:android.intent.category.LAUNCHER
ADDED from OCR_Test\android-build\AndroidManifest.xml:24:13-27:29
action#android.intent.action.MAIN
ADDED from OCR_Test\android-build\AndroidManifest.xml:25:17-68
	android:name
		ADDED from OCR_Test\android-build\AndroidManifest.xml:25:25-66
category#android.intent.category.LAUNCHER
ADDED from OCR_Test\android-build\AndroidManifest.xml:26:17-76
	android:name
		ADDED from OCR_Test\android-build\AndroidManifest.xml:26:27-74
meta-data#android.app.lib_name
ADDED from OCR_Test\android-build\AndroidManifest.xml:33:13-86
	android:value
		ADDED from OCR_Test\android-build\AndroidManifest.xml:33:60-84
	android:name
		ADDED from OCR_Test\android-build\AndroidManifest.xml:33:24-59
meta-data#android.app.qt_sources_resource_id
ADDED from OCR_Test\android-build\AndroidManifest.xml:34:13-112
	android:resource
		ADDED from OCR_Test\android-build\AndroidManifest.xml:34:74-110
	android:name
		ADDED from OCR_Test\android-build\AndroidManifest.xml:34:24-73
meta-data#android.app.repository
ADDED from OCR_Test\android-build\AndroidManifest.xml:35:13-87
	android:value
		ADDED from OCR_Test\android-build\AndroidManifest.xml:35:62-85
	android:name
		ADDED from OCR_Test\android-build\AndroidManifest.xml:35:24-61
meta-data#android.app.qt_libs_resource_id
ADDED from OCR_Test\android-build\AndroidManifest.xml:36:13-106
	android:resource
		ADDED from OCR_Test\android-build\AndroidManifest.xml:36:71-104
	android:name
		ADDED from OCR_Test\android-build\AndroidManifest.xml:36:24-70
meta-data#android.app.bundled_libs_resource_id
ADDED from OCR_Test\android-build\AndroidManifest.xml:37:13-116
	android:resource
		ADDED from OCR_Test\android-build\AndroidManifest.xml:37:76-114
	android:name
		ADDED from OCR_Test\android-build\AndroidManifest.xml:37:24-75
meta-data#android.app.bundle_local_qt_libs
ADDED from OCR_Test\android-build\AndroidManifest.xml:39:13-91
	android:value
		ADDED from OCR_Test\android-build\AndroidManifest.xml:39:72-89
	android:name
		ADDED from OCR_Test\android-build\AndroidManifest.xml:39:24-71
meta-data#android.app.bundled_in_lib_resource_id
ADDED from OCR_Test\android-build\AndroidManifest.xml:40:13-120
	android:resource
		ADDED from OCR_Test\android-build\AndroidManifest.xml:40:78-118
	android:name
		ADDED from OCR_Test\android-build\AndroidManifest.xml:40:24-77
meta-data#android.app.bundled_in_assets_resource_id
ADDED from OCR_Test\android-build\AndroidManifest.xml:41:13-126
	android:resource
		ADDED from OCR_Test\android-build\AndroidManifest.xml:41:81-124
	android:name
		ADDED from OCR_Test\android-build\AndroidManifest.xml:41:24-80
meta-data#android.app.use_local_qt_libs
ADDED from OCR_Test\android-build\AndroidManifest.xml:43:13-88
	android:value
		ADDED from OCR_Test\android-build\AndroidManifest.xml:43:69-86
	android:name
		ADDED from OCR_Test\android-build\AndroidManifest.xml:43:24-68
meta-data#android.app.libs_prefix
ADDED from OCR_Test\android-build\AndroidManifest.xml:44:13-100
	android:value
		ADDED from OCR_Test\android-build\AndroidManifest.xml:44:63-98
	android:name
		ADDED from OCR_Test\android-build\AndroidManifest.xml:44:24-62
meta-data#android.app.load_local_libs
ADDED from OCR_Test\android-build\AndroidManifest.xml:45:13-193
	android:value
		ADDED from OCR_Test\android-build\AndroidManifest.xml:45:67-191
	android:name
		ADDED from OCR_Test\android-build\AndroidManifest.xml:45:24-66
meta-data#android.app.load_local_jars
ADDED from OCR_Test\android-build\AndroidManifest.xml:46:13-126
	android:value
		ADDED from OCR_Test\android-build\AndroidManifest.xml:46:67-124
	android:name
		ADDED from OCR_Test\android-build\AndroidManifest.xml:46:24-66
meta-data#android.app.static_init_classes
ADDED from OCR_Test\android-build\AndroidManifest.xml:47:13-89
	android:value
		ADDED from OCR_Test\android-build\AndroidManifest.xml:47:71-87
	android:name
		ADDED from OCR_Test\android-build\AndroidManifest.xml:47:24-70
meta-data#android.app.ministro_not_found_msg
ADDED from OCR_Test\android-build\AndroidManifest.xml:51:13-122
	android:value
		ADDED from OCR_Test\android-build\AndroidManifest.xml:51:24-70
	android:name
		ADDED from OCR_Test\android-build\AndroidManifest.xml:51:71-120
meta-data#android.app.ministro_needed_msg
ADDED from OCR_Test\android-build\AndroidManifest.xml:52:13-116
	android:value
		ADDED from OCR_Test\android-build\AndroidManifest.xml:52:24-67
	android:name
		ADDED from OCR_Test\android-build\AndroidManifest.xml:52:68-114
meta-data#android.app.fatal_error_msg
ADDED from OCR_Test\android-build\AndroidManifest.xml:53:13-108
	android:value
		ADDED from OCR_Test\android-build\AndroidManifest.xml:53:24-63
	android:name
		ADDED from OCR_Test\android-build\AndroidManifest.xml:53:64-106
meta-data#android.app.unsupported_android_version
ADDED from OCR_Test\android-build\AndroidManifest.xml:54:13-132
	android:value
		ADDED from OCR_Test\android-build\AndroidManifest.xml:54:24-75
	android:name
		ADDED from OCR_Test\android-build\AndroidManifest.xml:54:76-130
meta-data#android.app.background_running
ADDED from OCR_Test\android-build\AndroidManifest.xml:73:13-93
	android:value
		ADDED from OCR_Test\android-build\AndroidManifest.xml:73:70-91
	android:name
		ADDED from OCR_Test\android-build\AndroidManifest.xml:73:24-69
meta-data#android.app.auto_screen_scale_factor
ADDED from OCR_Test\android-build\AndroidManifest.xml:77:13-99
	android:value
		ADDED from OCR_Test\android-build\AndroidManifest.xml:77:76-97
	android:name
		ADDED from OCR_Test\android-build\AndroidManifest.xml:77:24-75
meta-data#android.app.extract_android_style
ADDED from OCR_Test\android-build\AndroidManifest.xml:87:13-98
	android:value
		ADDED from OCR_Test\android-build\AndroidManifest.xml:87:73-96
	android:name
		ADDED from OCR_Test\android-build\AndroidManifest.xml:87:24-72